<?xml version="1.0" encoding="UTF-8"?>
<!-- Generated by org.testng.reporters.JUnitXMLReporter -->
<testsuite hostname="CHANDRA" ignored="0" name="Validate Title Test" tests="1" failures="1" timestamp="08 Sep 2020 17:01:46 GMT" time="0.028" errors="0">
  <testcase name="validateTitles" time="0.013" classname="testcases.TestCase2">
    <failure type="java.lang.AssertionError" message="The following asserts failed:
	expected [Yahoo.com] but found [Gmail.com],
	image not present expected [false] but found [true],
	text box not present expected [false] but found [true]">
      <![CDATA[java.lang.AssertionError: The following asserts failed:
expected [Yahoo.com] but found [Gmail.com],
image not present expected [false] but found [true],
text box not present expected [false] but found [true]
at testcases.TestCase2.validateTitles(TestCase2.java:43)
... Removed 26 stack frames]]>
    </failure>
  </testcase> <!-- validateTitles -->
</testsuite> <!-- Validate Title Test -->
